{
  "RSpec": {
    "coverage": {
      "/Users/zoebryant/Documents/rbdocs/post-makers/readmes/ma-instagram/spec/features/location_feature_spec.rb": [
        1,
        null,
        1,
        null,
        4,
        4,
        4,
        null,
        1,
        3,
        3,
        null,
        null,
        1,
        3,
        3,
        3,
        3,
        3,
        null,
        null,
        1,
        1,
        1,
        null,
        1,
        null,
        null,
        null,
        null,
        null,
        null,
        null,
        null,
        null,
        null,
        null,
        null,
        null,
        null,
        null,
        null,
        null,
        1,
        1,
        2,
        null,
        null,
        1,
        1,
        1,
        null,
        null,
        1,
        1,
        1,
        null,
        null,
        null,
        null
      ],
      "/Users/zoebryant/Documents/rbdocs/post-makers/readmes/ma-instagram/spec/rails_helper.rb": [
        null,
        1,
        1,
        1,
        1,
        1,
        1,
        1,
        null,
        1,
        null,
        null,
        null,
        null,
        null,
        null,
        null,
        null,
        2,
        null,
        null,
        null,
        1,
        null,
        1,
        null,
        1,
        null,
        1,
        null,
        null,
        1,
        null,
        null,
        null,
        null,
        1,
        null,
        1,
        1,
        null,
        null,
        1,
        20,
        null,
        null,
        1,
        1,
        null,
        null,
        1,
        20,
        null,
        null,
        1,
        20,
        null,
        null,
        null,
        null,
        null,
        null,
        null,
        null,
        null,
        null,
        null,
        null,
        null,
        null,
        null,
        1,
        null
      ],
      "/Users/zoebryant/Documents/rbdocs/post-makers/readmes/ma-instagram/config/environment.rb": [
        null,
        1,
        null,
        null,
        1
      ],
      "/Users/zoebryant/Documents/rbdocs/post-makers/readmes/ma-instagram/config/application.rb": [
        1,
        null,
        null,
        1,
        1,
        1,
        1,
        1,
        1,
        null,
        null,
        null,
        null,
        1,
        null,
        1,
        1,
        null,
        null,
        null,
        null,
        null,
        null,
        null,
        null,
        null,
        null,
        null,
        null,
        null
      ],
      "/Users/zoebryant/Documents/rbdocs/post-makers/readmes/ma-instagram/config/boot.rb": [
        null,
        1,
        null,
        1
      ],
      "/Users/zoebryant/Documents/rbdocs/post-makers/readmes/ma-instagram/config/environments/test.rb": [
        1,
        null,
        null,
        null,
        null,
        null,
        null,
        1,
        null,
        null,
        null,
        null,
        1,
        null,
        null,
        1,
        1,
        null,
        null,
        1,
        1,
        null,
        null,
        1,
        null,
        null,
        1,
        null,
        null,
        null,
        null,
        1,
        null,
        null,
        1,
        null,
        null,
        null,
        null
      ],
      "/Users/zoebryant/Documents/rbdocs/post-makers/readmes/ma-instagram/config/initializers/assets.rb": [
        null,
        null,
        null,
        1,
        null,
        null,
        null,
        null
      ],
      "/Users/zoebryant/Documents/rbdocs/post-makers/readmes/ma-instagram/config/initializers/backtrace_silencers.rb": [
        null,
        null,
        null,
        null,
        null,
        null,
        null
      ],
      "/Users/zoebryant/Documents/rbdocs/post-makers/readmes/ma-instagram/config/initializers/cookies_serializer.rb": [
        null,
        null,
        1
      ],
      "/Users/zoebryant/Documents/rbdocs/post-makers/readmes/ma-instagram/config/initializers/devise.rb": [
        null,
        null,
        1,
        null,
        null,
        null,
        null,
        null,
        null,
        null,
        null,
        null,
        1,
        null,
        null,
        null,
        null,
        null,
        null,
        null,
        null,
        1,
        null,
        null,
        null,
        null,
        null,
        null,
        null,
        null,
        null,
        null,
        null,
        null,
        null,
        null,
        null,
        null,
        null,
        null,
        null,
        null,
        null,
        1,
        null,
        null,
        null,
        null,
        1,
        null,
        null,
        null,
        null,
        null,
        null,
        null,
        null,
        null,
        null,
        null,
        null,
        null,
        null,
        null,
        null,
        null,
        null,
        null,
        null,
        null,
        null,
        null,
        null,
        null,
        null,
        null,
        null,
        null,
        null,
        1,
        null,
        null,
        null,
        null,
        null,
        null,
        null,
        null,
        null,
        null,
        null,
        null,
        null,
        null,
        null,
        null,
        1,
        null,
        null,
        null,
        null,
        null,
        null,
        null,
        null,
        null,
        null,
        null,
        null,
        null,
        null,
        null,
        null,
        null,
        null,
        null,
        null,
        null,
        null,
        null,
        null,
        1,
        null,
        null,
        null,
        null,
        null,
        null,
        null,
        null,
        null,
        1,
        null,
        null,
        null,
        null,
        null,
        null,
        null,
        null,
        null,
        null,
        1,
        null,
        null,
        null,
        null,
        null,
        null,
        null,
        null,
        null,
        null,
        null,
        null,
        null,
        null,
        null,
        null,
        null,
        null,
        null,
        null,
        null,
        null,
        null,
        null,
        null,
        null,
        null,
        null,
        null,
        null,
        null,
        null,
        null,
        null,
        null,
        null,
        null,
        null,
        null,
        null,
        null,
        null,
        null,
        null,
        null,
        null,
        null,
        null,
        1,
        null,
        null,
        null,
        null,
        null,
        null,
        null,
        null,
        null,
        null,
        null,
        null,
        null,
        null,
        null,
        null,
        null,
        null,
        null,
        null,
        null,
        null,
        null,
        null,
        null,
        null,
        null,
        null,
        null,
        null,
        null,
        null,
        null,
        null,
        null,
        null,
        null,
        1,
        null,
        null,
        null,
        null,
        null,
        null,
        null,
        null,
        null,
        null,
        null,
        null,
        null,
        null,
        null,
        null,
        null,
        null,
        null,
        null,
        null,
        null,
        null,
        null,
        null,
        null,
        null,
        null,
        null
      ],
      "/Users/zoebryant/Documents/rbdocs/post-makers/readmes/ma-instagram/config/initializers/filter_parameter_logging.rb": [
        null,
        null,
        null,
        1
      ],
      "/Users/zoebryant/Documents/rbdocs/post-makers/readmes/ma-instagram/config/initializers/inflections.rb": [
        null,
        null,
        null,
        null,
        null,
        null,
        null,
        null,
        null,
        null,
        null,
        null,
        null,
        null,
        null,
        null
      ],
      "/Users/zoebryant/Documents/rbdocs/post-makers/readmes/ma-instagram/config/initializers/mime_types.rb": [
        null,
        null,
        null,
        null
      ],
      "/Users/zoebryant/Documents/rbdocs/post-makers/readmes/ma-instagram/config/initializers/session_store.rb": [
        null,
        null,
        1
      ],
      "/Users/zoebryant/Documents/rbdocs/post-makers/readmes/ma-instagram/config/initializers/wrap_parameters.rb": [
        null,
        null,
        null,
        null,
        null,
        null,
        1,
        1,
        null,
        null,
        null,
        null,
        null,
        null
      ],
      "/Users/zoebryant/Documents/rbdocs/post-makers/readmes/ma-instagram/spec/factories/posts.rb": [
        1,
        1,
        null,
        null,
        null,
        1,
        1,
        null,
        1,
        null,
        null,
        null
      ],
      "/Users/zoebryant/Documents/rbdocs/post-makers/readmes/ma-instagram/spec/factories/tags.rb": [
        1,
        1,
        null,
        1,
        null,
        null,
        null
      ],
      "/Users/zoebryant/Documents/rbdocs/post-makers/readmes/ma-instagram/spec/factories/users.rb": [
        1,
        1,
        1,
        1,
        1,
        null,
        null
      ],
      "/Users/zoebryant/Documents/rbdocs/post-makers/readmes/ma-instagram/config/routes.rb": [
        1,
        null,
        null,
        1,
        null,
        1,
        1,
        null,
        null,
        1,
        1,
        null,
        null,
        1,
        null,
        null,
        1,
        null,
        null,
        null,
        null,
        null,
        null,
        null,
        null,
        null,
        null,
        null,
        null,
        null,
        null,
        null,
        null,
        null,
        null,
        null,
        null,
        null,
        null,
        null,
        null,
        null,
        null,
        null,
        null,
        null,
        null,
        null,
        null,
        null,
        null,
        null,
        null,
        null,
        null,
        null,
        null,
        null,
        null,
        null,
        null,
        null,
        null,
        null,
        null,
        null,
        null,
        null,
        null
      ],
      "/Users/zoebryant/Documents/rbdocs/post-makers/readmes/ma-instagram/app/models/user.rb": [
        1,
        null,
        1,
        null,
        null,
        null,
        1,
        null,
        null
      ],
      "/Users/zoebryant/Documents/rbdocs/post-makers/readmes/ma-instagram/app/helpers/application_helper.rb": [
        1,
        null
      ],
      "/Users/zoebryant/Documents/rbdocs/post-makers/readmes/ma-instagram/app/helpers/charges_helper.rb": [
        1,
        null
      ],
      "/Users/zoebryant/Documents/rbdocs/post-makers/readmes/ma-instagram/app/helpers/maps_helper.rb": [
        1,
        null
      ],
      "/Users/zoebryant/Documents/rbdocs/post-makers/readmes/ma-instagram/app/helpers/posts_helper.rb": [
        1,
        null
      ],
      "/Users/zoebryant/Documents/rbdocs/post-makers/readmes/ma-instagram/app/helpers/tags_helper.rb": [
        1,
        null
      ],
      "/Users/zoebryant/Documents/rbdocs/post-makers/readmes/ma-instagram/spec/support/utilities.rb": [
        1,
        10,
        10,
        null,
        10,
        10,
        null,
        10,
        null
      ],
      "/Users/zoebryant/Documents/rbdocs/post-makers/readmes/ma-instagram/spec/features/post_feature_spec.rb": [
        1,
        null,
        1,
        null,
        4,
        2,
        null,
        1,
        4,
        4,
        null,
        null,
        1,
        1,
        1,
        1,
        null,
        null,
        null,
        1,
        1,
        1,
        null,
        null,
        1,
        1,
        1,
        null,
        null,
        null,
        1,
        null,
        1,
        1,
        1,
        1,
        1,
        null,
        1,
        1,
        null,
        null,
        1,
        1,
        1,
        1,
        1,
        null,
        1,
        null,
        null,
        null,
        null,
        null
      ],
      "/Users/zoebryant/Documents/rbdocs/post-makers/readmes/ma-instagram/spec/features/tagging_feature_spec.rb": [
        1,
        null,
        1,
        null,
        2,
        2,
        null,
        1,
        1,
        1,
        null,
        1,
        1,
        1,
        1,
        null,
        1,
        1,
        null,
        null,
        1,
        1,
        2,
        2,
        null,
        null,
        1,
        1,
        1,
        null,
        1,
        1,
        1,
        null,
        null,
        1,
        1,
        null,
        1,
        null,
        null,
        null,
        null,
        null
      ],
      "/Users/zoebryant/Documents/rbdocs/post-makers/readmes/ma-instagram/spec/features/user_feature_spec.rb": [
        1,
        null,
        1,
        null,
        1,
        null,
        1,
        1,
        1,
        null,
        null,
        1,
        1,
        1,
        1,
        null,
        null,
        null,
        null,
        1,
        null,
        1,
        1,
        1,
        null,
        1,
        1,
        1,
        null,
        1,
        1,
        null,
        null,
        null,
        null,
        1,
        1,
        1,
        1,
        null,
        1,
        null,
        null,
        null,
        1,
        1,
        1,
        1,
        null,
        1,
        null,
        1,
        null,
        null,
        null,
        null
      ],
      "/Users/zoebryant/Documents/rbdocs/post-makers/readmes/ma-instagram/spec/models/post_spec.rb": [
        1,
        null,
        1,
        null,
        1,
        null,
        6,
        null,
        1,
        1,
        1,
        1,
        null,
        null,
        null,
        1,
        1,
        1,
        1,
        null,
        null,
        null,
        1,
        1,
        1,
        1,
        null,
        null,
        null,
        1,
        2,
        null,
        1,
        1,
        null,
        1,
        null,
        null,
        null,
        1,
        1,
        1,
        null,
        1,
        null,
        null,
        null,
        null,
        null,
        null
      ],
      "/Users/zoebryant/Documents/rbdocs/post-makers/readmes/ma-instagram/app/models/post.rb": [
        1,
        null,
        1,
        null,
        1,
        null,
        null,
        null,
        null,
        null,
        null,
        null,
        null,
        1,
        1,
        null,
        1,
        null,
        null,
        1,
        15,
        null,
        9,
        18,
        null,
        null,
        null,
        null
      ],
      "/Users/zoebryant/Documents/rbdocs/post-makers/readmes/ma-instagram/spec/models/user_spec.rb": [
        1,
        null,
        1,
        1,
        null
      ],
      "/Users/zoebryant/Documents/rbdocs/post-makers/readmes/ma-instagram/app/controllers/posts_controller.rb": [
        1,
        null,
        1,
        null,
        1,
        35,
        null,
        null,
        1,
        6,
        null,
        null,
        1,
        6,
        6,
        6,
        null,
        6,
        null,
        null,
        1,
        1,
        null,
        null,
        null,
        null
      ],
      "/Users/zoebryant/Documents/rbdocs/post-makers/readmes/ma-instagram/app/controllers/application_controller.rb": [
        1,
        null,
        null,
        1,
        null
      ],
      "/Users/zoebryant/Documents/rbdocs/post-makers/readmes/ma-instagram/app/models/tag.rb": [
        1,
        1,
        null,
        1,
        10,
        null,
        null
      ],
      "/Users/zoebryant/Documents/rbdocs/post-makers/readmes/ma-instagram/app/controllers/maps_controller.rb": [
        1,
        null,
        1,
        2,
        null,
        null,
        null
      ],
      "/Users/zoebryant/Documents/rbdocs/post-makers/readmes/ma-instagram/app/controllers/tags_controller.rb": [
        1,
        null,
        1,
        2,
        null,
        null,
        null
      ]
    },
    "timestamp": 1416838092
  }
}
